18:36:52.738 [Worker-44] INFO  o.a.AndroidAnnotationProcessor:83 - Initialize AndroidAnnotations 3.3.1 with options {phase=BUILD}
18:36:52.739 [Worker-44] INFO  o.a.AndroidAnnotationProcessor:107 - Start processing for 16 annotations on 27 elements
18:36:52.748 [Worker-44] DEBUG o.a.h.AndroidManifestFinder:137 - AndroidManifest.xml file found in parent folder D:\WorkSoftwareTool\NowEclipse\GitHubProject\AnnotationDemo: D:\WorkSoftwareTool\NowEclipse\GitHubProject\AnnotationDemo\AndroidManifest.xml
18:36:52.749 [Worker-44] INFO  o.a.AndroidAnnotationProcessor:170 - AndroidManifest.xml found: AndroidManifest [applicationPackage=com.example.annotationdemo, componentQualifiedNames=[com.example.annotationdemo.MainActivity_, com.example.annotationdemo.PersonListActivity_, com.example.annotationdemo.ActivityWithExtra_, com.example.annotationdemo.PersonFragment_, com.example.annotationdemo.ChoiceInterest_, com.example.annotationdemo.WebViewPlayer_], permissionQualifiedNames=[android.permission.SEND_SMS, android.permission.READ_PHONE_STATE, android.permission.INTERNET, android.permission.MODIFY_AUDIO_SETTINGS, android.permission.ACCESS_NETWORK_STATE, android.permission.ACCESS_WIFI_STATE, android.permission.CHANGE_WIFI_STATE, android.permission.WRITE_EXTERNAL_STORAGE, android.permission.RIDE_EXTERNAL_STORAGE, android.permission.MOUNT_UNMOUNT_FILESYSTEMS, android.permission.RECORD_AUDIO, android.permission.CAMERA, android.permission.FLASHLIGHT, android.permission.RECEIVE_BOOT_COMPLETED, android.permission.BROADCAST_STICKY, android.permission.WRITE_SETTINGS, android.permission.VIBRATE, android.permission.ACCESS_DOWNLOAD_MANAGER, android.permission.DOWNLOAD_WITHOUT_NOTIFICATION, android.permission.SYSTEM_ALERT_WINDOW, android.permission.DISABLE_KEYGUARD, android.permission.ACCESS_COARSE_LOCATION, android.permission.ACCESS_FINE_LOCATION], applicationClassName=null, libraryProject=false, debugabble=false, minSdkVersion=16, maxSdkVersion=-1, targetSdkVersion=19]
18:36:52.750 [Worker-44] INFO  o.a.r.ProjectRClassFinder:50 - Found project R class: R
18:36:52.750 [Worker-44] INFO  o.a.r.AndroidRClassFinder:44 - Found Android class: android.R
18:36:52.752 [Worker-44] INFO  o.a.p.ModelValidator:42 - Validating elements
18:36:52.753 [Worker-44] DEBUG o.a.p.ModelValidator:62 - Validating with EActivityHandler: [com.example.annotationdemo.WebViewPlayer, com.example.annotationdemo.PersonListActivity, com.example.annotationdemo.CopyOfPersonFragment, com.example.annotationdemo.ActivityWithExtra, com.example.annotationdemo.MainActivity, com.example.annotationdemo.ChoiceInterest, com.example.annotationdemo.InterestActivity, com.example.annotationdemo.PersonFragment]
18:36:52.753 [Worker-44] ERROR o.a.h.AnnotationHelper:128 - Resource id value not found in R.layout: 0
18:36:52.753 [Worker-44] WARN  o.a.p.ModelValidator:69 - Element EActivityHandler unvalidated by 
18:36:52.754 [Worker-44] ERROR o.a.h.AnnotationHelper:128 - Resource id value not found in R.layout: 0
18:36:52.754 [Worker-44] WARN  o.a.p.ModelValidator:69 - Element EActivityHandler unvalidated by 
18:36:52.754 [Worker-44] ERROR o.a.h.AnnotationHelper:128 - Resource id value not found in R.layout: 0
18:36:52.754 [Worker-44] WARN  o.a.h.AnnotationHelper:128 - The component CopyOfPersonFragment_ is not registered in the AndroidManifest.xml file.
18:36:52.754 [Worker-44] WARN  o.a.p.ModelValidator:69 - Element EActivityHandler unvalidated by 
18:36:52.754 [Worker-44] ERROR o.a.h.AnnotationHelper:128 - Resource id value not found in R.layout: 0
18:36:52.754 [Worker-44] WARN  o.a.p.ModelValidator:69 - Element EActivityHandler unvalidated by 
18:36:52.754 [Worker-44] ERROR o.a.h.AnnotationHelper:128 - Resource id value not found in R.layout: 0
18:36:52.755 [Worker-44] WARN  o.a.p.ModelValidator:69 - Element EActivityHandler unvalidated by 
18:36:52.755 [Worker-44] ERROR o.a.h.AnnotationHelper:128 - Resource id value not found in R.layout: 0
18:36:52.755 [Worker-44] WARN  o.a.p.ModelValidator:69 - Element EActivityHandler unvalidated by 
18:36:52.755 [Worker-44] ERROR o.a.h.AnnotationHelper:128 - Resource id value not found in R.layout: 0
18:36:52.755 [Worker-44] WARN  o.a.h.AnnotationHelper:128 - The component InterestActivity_ is not registered in the AndroidManifest.xml file.
18:36:52.755 [Worker-44] WARN  o.a.p.ModelValidator:69 - Element EActivityHandler unvalidated by 
18:36:52.755 [Worker-44] ERROR o.a.h.AnnotationHelper:128 - Resource id value not found in R.layout: 0
18:36:52.755 [Worker-44] WARN  o.a.p.ModelValidator:69 - Element EActivityHandler unvalidated by 
18:36:52.755 [Worker-44] DEBUG o.a.p.ModelValidator:62 - Validating with EFragmentHandler: [com.example.annotationdemo.fragment.ThreeFragment, com.example.annotationdemo.fragment.MyFragment]
18:36:52.755 [Worker-44] ERROR o.a.h.AnnotationHelper:128 - Resource id value not found in R.layout: 0
18:36:52.755 [Worker-44] WARN  o.a.p.ModelValidator:69 - Element EFragmentHandler unvalidated by 
18:36:52.756 [Worker-44] ERROR o.a.h.AnnotationHelper:128 - Resource id value not found in R.layout: 0
18:36:52.756 [Worker-44] WARN  o.a.p.ModelValidator:69 - Element EFragmentHandler unvalidated by 
18:36:52.756 [Worker-44] DEBUG o.a.p.ModelValidator:62 - Validating with EBeanHandler: [com.example.annotationdemo.impl.InMemoryPersonFinder, com.example.annotationdemo.adapter.PersonListAdapter]
18:36:52.756 [Worker-44] DEBUG o.a.p.ModelValidator:62 - Validating with EViewGroupHandler: [com.example.annotationdemo.view.PersonItemView]
18:36:52.757 [Worker-44] ERROR o.a.h.AnnotationHelper:128 - Resource id value not found in R.layout: 0
18:36:52.757 [Worker-44] WARN  o.a.p.ModelValidator:69 - Element EViewGroupHandler unvalidated by 
18:36:52.757 [Worker-44] DEBUG o.a.p.ModelValidator:62 - Validating with ViewByIdHandler: [bottom_layout, gridview, test3, personList, lastNameView, cancel_tv, sure_tv, personList, test1, cancel_tv, firstNameView, test4, webView, test2, title_tv, title_tv, sure_tv, gridview, video, switch_btn, progress_bar, back_btn, dialogbody, personList, extraTextView, buttomLayoutTabItem]
18:36:52.757 [Worker-44] ERROR o.a.h.AnnotationHelper:128 - Resource id value not found in R.id: 0
18:36:52.757 [Worker-44] WARN  o.a.p.ModelValidator:69 - Element ViewByIdHandler unvalidated by 
18:36:52.757 [Worker-44] ERROR o.a.h.AnnotationHelper:128 - Resource id value not found in R.id: 0
18:36:52.757 [Worker-44] WARN  o.a.p.ModelValidator:69 - Element ViewByIdHandler unvalidated by 
18:36:52.758 [Worker-44] ERROR o.a.h.AnnotationHelper:128 - Resource name not found in R.id: test3
18:36:52.758 [Worker-44] WARN  o.a.p.ModelValidator:69 - Element ViewByIdHandler unvalidated by 
18:36:52.758 [Worker-44] ERROR o.a.h.AnnotationHelper:128 - Resource name not found in R.id: personList
18:36:52.758 [Worker-44] WARN  o.a.p.ModelValidator:69 - Element ViewByIdHandler unvalidated by 
18:36:52.758 [Worker-44] ERROR o.a.h.AnnotationHelper:128 - Resource name not found in R.id: lastNameView
18:36:52.758 [Worker-44] WARN  o.a.p.ModelValidator:69 - Element ViewByIdHandler unvalidated by 
18:36:52.758 [Worker-44] ERROR o.a.h.AnnotationHelper:128 - Resource name not found in R.id: cancel_tv
18:36:52.758 [Worker-44] WARN  o.a.p.ModelValidator:69 - Element ViewByIdHandler unvalidated by 
18:36:52.758 [Worker-44] ERROR o.a.h.AnnotationHelper:128 - Resource name not found in R.id: sure_tv
18:36:52.759 [Worker-44] WARN  o.a.p.ModelValidator:69 - Element ViewByIdHandler unvalidated by 
18:36:52.759 [Worker-44] ERROR o.a.h.AnnotationHelper:128 - Resource name not found in R.id: personList
18:36:52.759 [Worker-44] WARN  o.a.p.ModelValidator:69 - Element ViewByIdHandler unvalidated by 
18:36:52.759 [Worker-44] ERROR o.a.h.AnnotationHelper:128 - Resource name not found in R.id: test1
18:36:52.759 [Worker-44] WARN  o.a.p.ModelValidator:69 - Element ViewByIdHandler unvalidated by 
18:36:52.759 [Worker-44] ERROR o.a.h.AnnotationHelper:128 - Resource name not found in R.id: cancel_tv
18:36:52.759 [Worker-44] WARN  o.a.p.ModelValidator:69 - Element ViewByIdHandler unvalidated by 
18:36:52.759 [Worker-44] ERROR o.a.h.AnnotationHelper:128 - Resource name not found in R.id: firstNameView
18:36:52.759 [Worker-44] WARN  o.a.p.ModelValidator:69 - Element ViewByIdHandler unvalidated by 
18:36:52.759 [Worker-44] ERROR o.a.h.AnnotationHelper:128 - Resource name not found in R.id: test4
18:36:52.759 [Worker-44] WARN  o.a.p.ModelValidator:69 - Element ViewByIdHandler unvalidated by 
18:36:52.760 [Worker-44] ERROR o.a.h.AnnotationHelper:128 - Resource id value not found in R.id: 0
18:36:52.760 [Worker-44] WARN  o.a.p.ModelValidator:69 - Element ViewByIdHandler unvalidated by 
18:36:52.760 [Worker-44] ERROR o.a.h.AnnotationHelper:128 - Resource name not found in R.id: test2
18:36:52.760 [Worker-44] WARN  o.a.p.ModelValidator:69 - Element ViewByIdHandler unvalidated by 
18:36:52.760 [Worker-44] ERROR o.a.h.AnnotationHelper:128 - Resource name not found in R.id: title_tv
18:36:52.760 [Worker-44] WARN  o.a.p.ModelValidator:69 - Element ViewByIdHandler unvalidated by 
18:36:52.760 [Worker-44] ERROR o.a.h.AnnotationHelper:128 - Resource name not found in R.id: title_tv
18:36:52.760 [Worker-44] WARN  o.a.p.ModelValidator:69 - Element ViewByIdHandler unvalidated by 
18:36:52.760 [Worker-44] ERROR o.a.h.AnnotationHelper:128 - Resource name not found in R.id: sure_tv
18:36:52.760 [Worker-44] WARN  o.a.p.ModelValidator:69 - Element ViewByIdHandler unvalidated by 
18:36:52.760 [Worker-44] ERROR o.a.h.AnnotationHelper:128 - Resource name not found in R.id: gridview
18:36:52.761 [Worker-44] WARN  o.a.p.ModelValidator:69 - Element ViewByIdHandler unvalidated by 
18:36:52.761 [Worker-44] ERROR o.a.h.AnnotationHelper:128 - Resource name not found in R.id: video
18:36:52.761 [Worker-44] WARN  o.a.p.ModelValidator:69 - Element ViewByIdHandler unvalidated by 
18:36:52.761 [Worker-44] ERROR o.a.h.AnnotationHelper:128 - Resource name not found in R.id: switch_btn
18:36:52.761 [Worker-44] WARN  o.a.p.ModelValidator:69 - Element ViewByIdHandler unvalidated by 
18:36:52.761 [Worker-44] ERROR o.a.h.AnnotationHelper:128 - Resource name not found in R.id: progress_bar
18:36:52.761 [Worker-44] WARN  o.a.p.ModelValidator:69 - Element ViewByIdHandler unvalidated by 
18:36:52.761 [Worker-44] ERROR o.a.h.AnnotationHelper:128 - Resource name not found in R.id: back_btn
18:36:52.761 [Worker-44] WARN  o.a.p.ModelValidator:69 - Element ViewByIdHandler unvalidated by 
18:36:52.761 [Worker-44] ERROR o.a.h.AnnotationHelper:128 - Resource name not found in R.id: dialogbody
18:36:52.762 [Worker-44] WARN  o.a.p.ModelValidator:69 - Element ViewByIdHandler unvalidated by 
18:36:52.762 [Worker-44] ERROR o.a.h.AnnotationHelper:128 - Resource name not found in R.id: personList
18:36:52.762 [Worker-44] WARN  o.a.p.ModelValidator:69 - Element ViewByIdHandler unvalidated by 
18:36:52.762 [Worker-44] ERROR o.a.h.AnnotationHelper:128 - Resource name not found in R.id: extraTextView
18:36:52.762 [Worker-44] WARN  o.a.p.ModelValidator:69 - Element ViewByIdHandler unvalidated by 
18:36:52.762 [Worker-44] ERROR o.a.h.AnnotationHelper:128 - Resource id value not found in R.id: 0
18:36:52.762 [Worker-44] WARN  o.a.p.ModelValidator:69 - Element ViewByIdHandler unvalidated by 
18:36:52.762 [Worker-44] DEBUG o.a.p.ModelValidator:62 - Validating with FragmentByIdHandler: [myFragment, myFragment]
18:36:52.762 [Worker-44] ERROR o.a.h.AnnotationHelper:128 - Resource id value not found in R.id: 0
18:36:52.762 [Worker-44] WARN  o.a.p.ModelValidator:69 - Element FragmentByIdHandler unvalidated by 
18:36:52.763 [Worker-44] ERROR o.a.h.AnnotationHelper:128 - Resource id value not found in R.id: 0
18:36:52.763 [Worker-44] WARN  o.a.p.ModelValidator:69 - Element FragmentByIdHandler unvalidated by 
18:36:52.763 [Worker-44] DEBUG o.a.p.ModelValidator:62 - Validating with ClickHandler: [void test1() , void test2() , void test4() , void test3() , void back_btn() ]
18:36:52.763 [Worker-44] ERROR o.a.h.AnnotationHelper:128 - Resource name not found in R.id: test1
18:36:52.763 [Worker-44] WARN  o.a.p.ModelValidator:69 - Element ClickHandler unvalidated by 
18:36:52.763 [Worker-44] ERROR o.a.h.AnnotationHelper:128 - Resource name not found in R.id: test2
18:36:52.763 [Worker-44] WARN  o.a.p.ModelValidator:69 - Element ClickHandler unvalidated by 
18:36:52.763 [Worker-44] ERROR o.a.h.AnnotationHelper:128 - Resource name not found in R.id: test4
18:36:52.764 [Worker-44] WARN  o.a.p.ModelValidator:69 - Element ClickHandler unvalidated by 
18:36:52.764 [Worker-44] ERROR o.a.h.AnnotationHelper:128 - Resource name not found in R.id: test3
18:36:52.764 [Worker-44] WARN  o.a.p.ModelValidator:69 - Element ClickHandler unvalidated by 
18:36:52.764 [Worker-44] ERROR o.a.h.AnnotationHelper:128 - Resource name not found in R.id: back_btn
18:36:52.764 [Worker-44] WARN  o.a.p.ModelValidator:69 - Element ClickHandler unvalidated by 
18:36:52.764 [Worker-44] DEBUG o.a.p.ModelValidator:62 - Validating with ItemClickHandler: [void personListItemClicked(com.example.annotationdemo.bean.Person) , void personListItemClicked(com.example.annotationdemo.bean.Person) , void personListItemClicked(com.example.annotationdemo.bean.Person) ]
18:36:52.764 [Worker-44] ERROR o.a.h.AnnotationHelper:128 - Resource name not found in R.id: personList
18:36:52.764 [Worker-44] WARN  o.a.p.ModelValidator:69 - Element ItemClickHandler unvalidated by 
18:36:52.764 [Worker-44] ERROR o.a.h.AnnotationHelper:128 - Resource name not found in R.id: personList
18:36:52.765 [Worker-44] WARN  o.a.p.ModelValidator:69 - Element ItemClickHandler unvalidated by 
18:36:52.765 [Worker-44] ERROR o.a.h.AnnotationHelper:128 - Resource name not found in R.id: personList
18:36:52.765 [Worker-44] WARN  o.a.p.ModelValidator:69 - Element ItemClickHandler unvalidated by 
18:36:52.765 [Worker-44] DEBUG o.a.p.ModelValidator:62 - Validating with ItemLongClickHandler: [void personListItemLongClicked(int) , void personListItemLongClicked(int) ]
18:36:52.765 [Worker-44] ERROR o.a.h.AnnotationHelper:128 - Resource name not found in R.id: personList
18:36:52.765 [Worker-44] WARN  o.a.p.ModelValidator:69 - Element ItemLongClickHandler unvalidated by 
18:36:52.765 [Worker-44] ERROR o.a.h.AnnotationHelper:128 - Resource name not found in R.id: personList
18:36:52.765 [Worker-44] WARN  o.a.p.ModelValidator:69 - Element ItemLongClickHandler unvalidated by 
18:36:52.765 [Worker-44] DEBUG o.a.p.ModelValidator:62 - Validating with ResHandler: [others, titles, testTitles, others]
18:36:52.766 [Worker-44] ERROR o.a.h.AnnotationHelper:128 - Resource id value not found in R.array: 0
18:36:52.766 [Worker-44] WARN  o.a.p.ModelValidator:69 - Element ResHandler unvalidated by 
18:36:52.766 [Worker-44] ERROR o.a.h.AnnotationHelper:128 - Resource id value not found in R.array: 0
18:36:52.766 [Worker-44] WARN  o.a.p.ModelValidator:69 - Element ResHandler unvalidated by 
18:36:52.766 [Worker-44] ERROR o.a.h.AnnotationHelper:128 - Resource id value not found in R.array: 0
18:36:52.766 [Worker-44] WARN  o.a.p.ModelValidator:69 - Element ResHandler unvalidated by 
18:36:52.766 [Worker-44] ERROR o.a.h.AnnotationHelper:128 - Resource id value not found in R.array: 0
18:36:52.766 [Worker-44] WARN  o.a.p.ModelValidator:69 - Element ResHandler unvalidated by 
18:36:52.766 [Worker-44] DEBUG o.a.p.ModelValidator:62 - Validating with FragmentArgHandler: [myMessage, anotherStringArgument]
18:36:52.767 [Worker-44] DEBUG o.a.p.ModelValidator:62 - Validating with BeanHandler: [adapter, finder, finder, adapter, finder, adapter]
18:36:52.767 [Worker-44] DEBUG o.a.p.ModelValidator:62 - Validating with RootContextHandler: [context]
18:36:52.767 [Worker-44] DEBUG o.a.p.ModelValidator:62 - Validating with ExtraHandler: [unboundExtra, classCastExceptionExtra, myDate, myMessage, classCastExceptionExtra]
18:36:52.768 [Worker-44] DEBUG o.a.p.ModelValidator:62 - Validating with AfterInjectHandler: [void initAdapter() , void afterInjectMethod() , void afterInjectMethod() , void initVariable() , void initVariable() , void afterInjectMethod() , void init() ]
18:36:52.768 [Worker-44] DEBUG o.a.p.ModelValidator:62 - Validating with AfterViewsHandler: [void AfterViewsMethod() , void bindAdapter() , void AfterViewsMethod() , void initViews() , void initVariable() , void bindAdapter() , void AfterViewsMethod() , void initViews() , protected void init() , void bindAdapter() ]
18:36:52.768 [Worker-44] INFO  o.a.p.ModelProcessor:74 - Processing root elements
18:36:52.769 [Worker-44] DEBUG o.a.p.ModelProcessor:176 - Processing root elements EBeanHandler: [com.example.annotationdemo.impl.InMemoryPersonFinder, com.example.annotationdemo.adapter.PersonListAdapter]
18:36:52.769 [Worker-44] INFO  o.a.p.ModelProcessor:86 - Processing enclosed elements
18:36:52.770 [Worker-44] INFO  o.a.AndroidAnnotationProcessor:249 - Number of files generated by AndroidAnnotations: 2
18:36:52.770 [Worker-44] INFO  o.a.g.ApiCodeGenerator:52 - Writting following API classes in project: []
18:36:52.770 [Worker-44] DEBUG o.a.g.SourceCodewriter:55 - Generating class: com.example.annotationdemo.adapter.PersonListAdapter_
18:36:52.773 [Worker-44] DEBUG o.a.g.SourceCodewriter:55 - Generating class: com.example.annotationdemo.impl.InMemoryPersonFinder_
18:36:52.774 [Worker-44] INFO  o.a.p.TimeStats:81 - Time measurements: [Whole Processing = 35 ms], [Validate Annotations = 16 ms], [Extract Annotations = 9 ms], [Generate Sources = 4 ms], [Find R Classes = 2 ms], [Process Annotations = 2 ms], [Extract Manifest = 1 ms], 
18:36:52.774 [Worker-44] INFO  o.a.AndroidAnnotationProcessor:121 - Finish processing
18:37:43.821 [Worker-48] INFO  o.a.AndroidAnnotationProcessor:83 - Initialize AndroidAnnotations 3.3.1 with options {phase=BUILD}
18:37:43.822 [Worker-48] INFO  o.a.AndroidAnnotationProcessor:107 - Start processing for 14 annotations on 17 elements
18:37:43.831 [Worker-48] DEBUG o.a.h.AndroidManifestFinder:137 - AndroidManifest.xml file found in parent folder D:\WorkSoftwareTool\NowEclipse\GitHubProject\AnnotationDemo: D:\WorkSoftwareTool\NowEclipse\GitHubProject\AnnotationDemo\AndroidManifest.xml
18:37:43.832 [Worker-48] INFO  o.a.AndroidAnnotationProcessor:170 - AndroidManifest.xml found: AndroidManifest [applicationPackage=com.example.annotationdemo, componentQualifiedNames=[com.example.annotationdemo.MainActivity_, com.example.annotationdemo.PersonListActivity_, com.example.annotationdemo.ActivityWithExtra_, com.example.annotationdemo.PersonFragment_, com.example.annotationdemo.ChoiceInterest_, com.example.annotationdemo.WebViewPlayer_], permissionQualifiedNames=[android.permission.SEND_SMS, android.permission.READ_PHONE_STATE, android.permission.INTERNET, android.permission.MODIFY_AUDIO_SETTINGS, android.permission.ACCESS_NETWORK_STATE, android.permission.ACCESS_WIFI_STATE, android.permission.CHANGE_WIFI_STATE, android.permission.WRITE_EXTERNAL_STORAGE, android.permission.RIDE_EXTERNAL_STORAGE, android.permission.MOUNT_UNMOUNT_FILESYSTEMS, android.permission.RECORD_AUDIO, android.permission.CAMERA, android.permission.FLASHLIGHT, android.permission.RECEIVE_BOOT_COMPLETED, android.permission.BROADCAST_STICKY, android.permission.WRITE_SETTINGS, android.permission.VIBRATE, android.permission.ACCESS_DOWNLOAD_MANAGER, android.permission.DOWNLOAD_WITHOUT_NOTIFICATION, android.permission.SYSTEM_ALERT_WINDOW, android.permission.DISABLE_KEYGUARD, android.permission.ACCESS_COARSE_LOCATION, android.permission.ACCESS_FINE_LOCATION], applicationClassName=null, libraryProject=false, debugabble=false, minSdkVersion=16, maxSdkVersion=-1, targetSdkVersion=19]
18:37:43.833 [Worker-48] INFO  o.a.r.ProjectRClassFinder:50 - Found project R class: com.example.annotationdemo.R
18:37:43.835 [Worker-48] INFO  o.a.r.AndroidRClassFinder:44 - Found Android class: android.R
18:37:44.275 [Worker-48] INFO  o.a.p.ModelValidator:42 - Validating elements
18:37:44.276 [Worker-48] DEBUG o.a.p.ModelValidator:62 - Validating with EActivityHandler: [com.example.annotationdemo.WebViewPlayer, com.example.annotationdemo.ActivityWithExtra, com.example.annotationdemo.CopyOfPersonFragment, com.example.annotationdemo.PersonListActivity, com.example.annotationdemo.MainActivity, com.example.annotationdemo.ChoiceInterest, com.example.annotationdemo.InterestActivity, com.example.annotationdemo.PersonFragment]
18:37:44.276 [Worker-48] WARN  o.a.h.AnnotationHelper:128 - The component CopyOfPersonFragment_ is not registered in the AndroidManifest.xml file.
18:37:44.277 [Worker-48] WARN  o.a.h.AnnotationHelper:128 - The component InterestActivity_ is not registered in the AndroidManifest.xml file.
18:37:44.277 [Worker-48] DEBUG o.a.p.ModelValidator:62 - Validating with EFragmentHandler: [com.example.annotationdemo.fragment.ThreeFragment, com.example.annotationdemo.fragment.MyFragment]
18:37:44.277 [Worker-48] DEBUG o.a.p.ModelValidator:62 - Validating with EViewGroupHandler: [com.example.annotationdemo.view.PersonItemView]
18:37:44.277 [Worker-48] DEBUG o.a.p.ModelValidator:62 - Validating with ViewByIdHandler: [sure_tv, personList, firstNameView, video, cancel_tv, title_tv, test1, switch_btn, webView, back_btn, test2, progress_bar, bottom_layout, dialogbody, cancel_tv, gridview, buttomLayoutTabItem, title_tv, test3, gridview, sure_tv, lastNameView, personList, test4, personList, extraTextView]
18:37:44.278 [Worker-48] DEBUG o.a.p.ModelValidator:62 - Validating with FragmentByIdHandler: [myFragment, myFragment]
18:37:44.279 [Worker-48] DEBUG o.a.p.ModelValidator:62 - Validating with ClickHandler: [void test4() , void test1() , void back_btn() , void test2() , void test3() ]
18:37:44.279 [Worker-48] DEBUG o.a.p.ModelValidator:62 - Validating with ItemClickHandler: [void personListItemClicked(com.example.annotationdemo.bean.Person) , void personListItemClicked(com.example.annotationdemo.bean.Person) , void personListItemClicked(com.example.annotationdemo.bean.Person) ]
18:37:44.280 [Worker-48] DEBUG o.a.p.ModelValidator:62 - Validating with ItemLongClickHandler: [void personListItemLongClicked(int) , void personListItemLongClicked(int) ]
18:37:44.281 [Worker-48] DEBUG o.a.p.ModelValidator:62 - Validating with ResHandler: [others, titles, others, testTitles]
18:37:44.281 [Worker-48] DEBUG o.a.p.ModelValidator:62 - Validating with FragmentArgHandler: [anotherStringArgument, myMessage]
18:37:44.281 [Worker-48] DEBUG o.a.p.ModelValidator:62 - Validating with BeanHandler: [adapter, finder, finder, adapter, adapter, finder]
18:37:44.282 [Worker-48] DEBUG o.a.p.ModelValidator:62 - Validating with ExtraHandler: [classCastExceptionExtra, myMessage, unboundExtra, classCastExceptionExtra, myDate]
18:37:44.282 [Worker-48] DEBUG o.a.p.ModelValidator:62 - Validating with AfterInjectHandler: [void init() , void afterInjectMethod() , void afterInjectMethod() , void initVariable() , void afterInjectMethod() , void initVariable() ]
18:37:44.283 [Worker-48] DEBUG o.a.p.ModelValidator:62 - Validating with AfterViewsHandler: [void initViews() , protected void init() , void bindAdapter() , void AfterViewsMethod() , void AfterViewsMethod() , void initViews() , void bindAdapter() , void AfterViewsMethod() , void bindAdapter() , void initVariable() ]
18:37:44.283 [Worker-48] INFO  o.a.p.ModelProcessor:74 - Processing root elements
18:37:44.284 [Worker-48] DEBUG o.a.p.ModelProcessor:176 - Processing root elements EActivityHandler: [com.example.annotationdemo.WebViewPlayer, com.example.annotationdemo.ActivityWithExtra, com.example.annotationdemo.CopyOfPersonFragment, com.example.annotationdemo.PersonListActivity, com.example.annotationdemo.MainActivity, com.example.annotationdemo.ChoiceInterest, com.example.annotationdemo.InterestActivity, com.example.annotationdemo.PersonFragment]
18:37:44.289 [Worker-48] DEBUG o.a.p.ModelProcessor:176 - Processing root elements EFragmentHandler: [com.example.annotationdemo.fragment.ThreeFragment, com.example.annotationdemo.fragment.MyFragment]
18:37:44.290 [Worker-48] DEBUG o.a.p.ModelProcessor:176 - Processing root elements EViewGroupHandler: [com.example.annotationdemo.view.PersonItemView]
18:37:44.291 [Worker-48] INFO  o.a.p.ModelProcessor:86 - Processing enclosed elements
18:37:44.293 [Worker-48] INFO  o.a.AndroidAnnotationProcessor:249 - Number of files generated by AndroidAnnotations: 11
18:37:44.294 [Worker-48] INFO  o.a.g.ApiCodeGenerator:52 - Writting following API classes in project: []
18:37:44.294 [Worker-48] DEBUG o.a.g.SourceCodewriter:55 - Generating class: com.example.annotationdemo.ActivityWithExtra_
18:37:44.298 [Worker-48] DEBUG o.a.g.SourceCodewriter:55 - Generating class: com.example.annotationdemo.ChoiceInterest_
18:37:44.306 [Worker-48] DEBUG o.a.g.SourceCodewriter:55 - Generating class: com.example.annotationdemo.CopyOfPersonFragment_
18:37:44.308 [Worker-48] DEBUG o.a.g.SourceCodewriter:55 - Generating class: com.example.annotationdemo.InterestActivity_
18:37:44.310 [Worker-48] DEBUG o.a.g.SourceCodewriter:55 - Generating class: com.example.annotationdemo.MainActivity_
18:37:44.313 [Worker-48] DEBUG o.a.g.SourceCodewriter:55 - Generating class: com.example.annotationdemo.PersonFragment_
18:37:44.315 [Worker-48] DEBUG o.a.g.SourceCodewriter:55 - Generating class: com.example.annotationdemo.PersonListActivity_
18:37:44.317 [Worker-48] DEBUG o.a.g.SourceCodewriter:55 - Generating class: com.example.annotationdemo.WebViewPlayer_
18:37:44.319 [Worker-48] DEBUG o.a.g.SourceCodewriter:55 - Generating class: com.example.annotationdemo.fragment.MyFragment_
18:37:44.322 [Worker-48] DEBUG o.a.g.SourceCodewriter:55 - Generating class: com.example.annotationdemo.fragment.ThreeFragment_
18:37:44.325 [Worker-48] DEBUG o.a.g.SourceCodewriter:55 - Generating class: com.example.annotationdemo.view.PersonItemView_
18:37:44.327 [Worker-48] INFO  o.a.p.TimeStats:81 - Time measurements: [Whole Processing = 505 ms], [Find R Classes = 442 ms], [Generate Sources = 34 ms], [Process Annotations = 10 ms], [Extract Annotations = 8 ms], [Validate Annotations = 8 ms], [Extract Manifest = 1 ms], 
18:37:44.328 [Worker-48] INFO  o.a.AndroidAnnotationProcessor:121 - Finish processing
18:39:06.107 [Worker-55] INFO  o.a.AndroidAnnotationProcessor:83 - Initialize AndroidAnnotations 3.3.1 with options {phase=BUILD}
18:39:06.108 [Worker-55] INFO  o.a.AndroidAnnotationProcessor:107 - Start processing for 7 annotations on 3 elements
18:39:06.113 [Worker-55] DEBUG o.a.h.AndroidManifestFinder:137 - AndroidManifest.xml file found in parent folder D:\WorkSoftwareTool\NowEclipse\GitHubProject\AnnotationDemo: D:\WorkSoftwareTool\NowEclipse\GitHubProject\AnnotationDemo\AndroidManifest.xml
18:39:06.115 [Worker-55] WARN  o.a.h.AndroidManifestFinder:252 - A class activity declared in the AndroidManifest.xml cannot be found in the compile path: [.ChoiceInterest_]
18:39:06.115 [Worker-55] INFO  o.a.AndroidAnnotationProcessor:170 - AndroidManifest.xml found: AndroidManifest [applicationPackage=com.example.annotationdemo, componentQualifiedNames=[com.example.annotationdemo.MainActivity_, com.example.annotationdemo.PersonListActivity_, com.example.annotationdemo.ActivityWithExtra_, com.example.annotationdemo.PersonFragment_, com.example.annotationdemo.WebViewPlayer_], permissionQualifiedNames=[android.permission.SEND_SMS, android.permission.READ_PHONE_STATE, android.permission.INTERNET, android.permission.MODIFY_AUDIO_SETTINGS, android.permission.ACCESS_NETWORK_STATE, android.permission.ACCESS_WIFI_STATE, android.permission.CHANGE_WIFI_STATE, android.permission.WRITE_EXTERNAL_STORAGE, android.permission.RIDE_EXTERNAL_STORAGE, android.permission.MOUNT_UNMOUNT_FILESYSTEMS, android.permission.RECORD_AUDIO, android.permission.CAMERA, android.permission.FLASHLIGHT, android.permission.RECEIVE_BOOT_COMPLETED, android.permission.BROADCAST_STICKY, android.permission.WRITE_SETTINGS, android.permission.VIBRATE, android.permission.ACCESS_DOWNLOAD_MANAGER, android.permission.DOWNLOAD_WITHOUT_NOTIFICATION, android.permission.SYSTEM_ALERT_WINDOW, android.permission.DISABLE_KEYGUARD, android.permission.ACCESS_COARSE_LOCATION, android.permission.ACCESS_FINE_LOCATION], applicationClassName=null, libraryProject=false, debugabble=false, minSdkVersion=16, maxSdkVersion=-1, targetSdkVersion=19]
18:39:06.116 [Worker-55] INFO  o.a.r.ProjectRClassFinder:50 - Found project R class: com.example.annotationdemo.R
18:39:06.117 [Worker-55] INFO  o.a.r.AndroidRClassFinder:44 - Found Android class: android.R
18:39:06.119 [Worker-55] INFO  o.a.p.ModelValidator:42 - Validating elements
18:39:06.120 [Worker-55] DEBUG o.a.p.ModelValidator:62 - Validating with EActivityHandler: [com.example.annotationdemo.ChoiceInterest2, com.example.annotationdemo.MainActivity]
18:39:06.120 [Worker-55] WARN  o.a.h.AnnotationHelper:128 - The component ChoiceInterest2_ is not registered in the AndroidManifest.xml file.
18:39:06.121 [Worker-55] DEBUG o.a.p.ModelValidator:62 - Validating with ViewByIdHandler: [test1, gridview, cancel_tv, test2, sure_tv, title_tv, test3, test4]
18:39:06.122 [Worker-55] DEBUG o.a.p.ModelValidator:62 - Validating with ClickHandler: [void test2() , void test1() , void test3() , void test4() ]
18:39:06.122 [Worker-55] DEBUG o.a.p.ModelValidator:62 - Validating with ResHandler: [testTitles]
18:39:06.123 [Worker-55] DEBUG o.a.p.ModelValidator:62 - Validating with ExtraHandler: [classCastExceptionExtra]
18:39:06.123 [Worker-55] DEBUG o.a.p.ModelValidator:62 - Validating with AfterInjectHandler: [void initVariable() , void afterInjectMethod() ]
18:39:06.123 [Worker-55] DEBUG o.a.p.ModelValidator:62 - Validating with AfterViewsHandler: [void AfterViewsMethod() , void initViews() ]
18:39:06.124 [Worker-55] INFO  o.a.p.ModelProcessor:74 - Processing root elements
18:39:06.124 [Worker-55] DEBUG o.a.p.ModelProcessor:176 - Processing root elements EActivityHandler: [com.example.annotationdemo.ChoiceInterest2, com.example.annotationdemo.MainActivity]
18:39:06.126 [Worker-55] INFO  o.a.p.ModelProcessor:86 - Processing enclosed elements
18:39:06.127 [Worker-55] INFO  o.a.AndroidAnnotationProcessor:249 - Number of files generated by AndroidAnnotations: 2
18:39:06.128 [Worker-55] INFO  o.a.g.ApiCodeGenerator:52 - Writting following API classes in project: []
18:39:06.128 [Worker-55] DEBUG o.a.g.SourceCodewriter:55 - Generating class: com.example.annotationdemo.ChoiceInterest2_
18:39:06.130 [Worker-55] DEBUG o.a.g.SourceCodewriter:55 - Generating class: com.example.annotationdemo.MainActivity_
18:39:06.136 [Worker-55] INFO  o.a.p.TimeStats:81 - Time measurements: [Whole Processing = 28 ms], [Generate Sources = 9 ms], [Extract Annotations = 5 ms], [Validate Annotations = 4 ms], [Process Annotations = 4 ms], [Find R Classes = 3 ms], [Extract Manifest = 2 ms], 
18:39:06.136 [Worker-55] INFO  o.a.AndroidAnnotationProcessor:121 - Finish processing
18:39:08.306 [Worker-42] INFO  o.a.AndroidAnnotationProcessor:83 - Initialize AndroidAnnotations 3.3.1 with options {phase=BUILD}
18:39:14.883 [Worker-50] INFO  o.a.AndroidAnnotationProcessor:83 - Initialize AndroidAnnotations 3.3.1 with options {phase=BUILD}
18:39:16.120 [Worker-52] INFO  o.a.AndroidAnnotationProcessor:83 - Initialize AndroidAnnotations 3.3.1 with options {phase=BUILD}
18:39:29.516 [Worker-52] INFO  o.a.AndroidAnnotationProcessor:83 - Initialize AndroidAnnotations 3.3.1 with options {phase=BUILD}
18:39:36.908 [Worker-47] INFO  o.a.AndroidAnnotationProcessor:83 - Initialize AndroidAnnotations 3.3.1 with options {phase=BUILD}
18:42:03.408 [Worker-51] INFO  o.a.AndroidAnnotationProcessor:83 - Initialize AndroidAnnotations 3.3.1 with options {phase=BUILD}
18:42:31.727 [Worker-50] INFO  o.a.AndroidAnnotationProcessor:83 - Initialize AndroidAnnotations 3.3.1 with options {phase=BUILD}
18:42:32.123 [Worker-50] INFO  o.a.AndroidAnnotationProcessor:107 - Start processing for 14 annotations on 28 elements
18:42:32.132 [Worker-50] DEBUG o.a.h.AndroidManifestFinder:137 - AndroidManifest.xml file found in parent folder D:\WorkSoftwareTool\NowEclipse\GitHubProject\AnnotationDemo: D:\WorkSoftwareTool\NowEclipse\GitHubProject\AnnotationDemo\AndroidManifest.xml
18:42:32.133 [Worker-50] INFO  o.a.AndroidAnnotationProcessor:170 - AndroidManifest.xml found: AndroidManifest [applicationPackage=com.example.annotationdemo, componentQualifiedNames=[com.example.annotationdemo.MainActivity_, com.example.annotationdemo.PersonListActivity_, com.example.annotationdemo.ActivityWithExtra_, com.example.annotationdemo.PersonFragment_, com.example.annotationdemo.ChoiceInterest_, com.example.annotationdemo.WebViewPlayer_], permissionQualifiedNames=[android.permission.SEND_SMS, android.permission.READ_PHONE_STATE, android.permission.INTERNET, android.permission.MODIFY_AUDIO_SETTINGS, android.permission.ACCESS_NETWORK_STATE, android.permission.ACCESS_WIFI_STATE, android.permission.CHANGE_WIFI_STATE, android.permission.WRITE_EXTERNAL_STORAGE, android.permission.RIDE_EXTERNAL_STORAGE, android.permission.MOUNT_UNMOUNT_FILESYSTEMS, android.permission.RECORD_AUDIO, android.permission.CAMERA, android.permission.FLASHLIGHT, android.permission.RECEIVE_BOOT_COMPLETED, android.permission.BROADCAST_STICKY, android.permission.WRITE_SETTINGS, android.permission.VIBRATE, android.permission.ACCESS_DOWNLOAD_MANAGER, android.permission.DOWNLOAD_WITHOUT_NOTIFICATION, android.permission.SYSTEM_ALERT_WINDOW, android.permission.DISABLE_KEYGUARD, android.permission.ACCESS_COARSE_LOCATION, android.permission.ACCESS_FINE_LOCATION], applicationClassName=null, libraryProject=false, debugabble=false, minSdkVersion=16, maxSdkVersion=-1, targetSdkVersion=19]
18:42:32.133 [Worker-50] INFO  o.a.r.ProjectRClassFinder:50 - Found project R class: com.example.annotationdemo.R
18:42:32.134 [Worker-50] INFO  o.a.r.AndroidRClassFinder:44 - Found Android class: android.R
18:42:32.137 [Worker-50] INFO  o.a.p.ModelValidator:42 - Validating elements
18:42:32.137 [Worker-50] DEBUG o.a.p.ModelValidator:62 - Validating with EActivityHandler: [com.example.annotationdemo.ChoiceInterest2, com.example.annotationdemo.WebViewPlayer, com.example.annotationdemo.ActivityWithExtra, com.example.annotationdemo.CopyOfPersonFragment, com.example.annotationdemo.PersonListActivity, com.example.annotationdemo.MainActivity, com.example.annotationdemo.InterestActivity, com.example.annotationdemo.PersonFragment]
18:42:32.137 [Worker-50] WARN  o.a.h.AnnotationHelper:128 - The component ChoiceInterest2_ is not registered in the AndroidManifest.xml file.
18:42:32.137 [Worker-50] WARN  o.a.h.AnnotationHelper:128 - The component CopyOfPersonFragment_ is not registered in the AndroidManifest.xml file.
18:42:32.138 [Worker-50] WARN  o.a.h.AnnotationHelper:128 - The component InterestActivity_ is not registered in the AndroidManifest.xml file.
18:42:32.138 [Worker-50] DEBUG o.a.p.ModelValidator:62 - Validating with EFragmentHandler: [com.example.annotationdemo.fragment.ThreeFragment, com.example.annotationdemo.fragment.MyFragment]
18:42:32.138 [Worker-50] DEBUG o.a.p.ModelValidator:62 - Validating with EViewGroupHandler: [com.example.annotationdemo.view.PersonItemView]
18:42:32.139 [Worker-50] DEBUG o.a.p.ModelValidator:62 - Validating with ViewByIdHandler: [gridview, video, test2, title_tv, webView, progress_bar, buttomLayoutTabItem, personList, gridview, test3, cancel_tv, dialogbody, title_tv, firstNameView, personList, back_btn, lastNameView, sure_tv, extraTextView, cancel_tv, test1, sure_tv, test4, bottom_layout, personList, switch_btn]
18:42:32.140 [Worker-50] DEBUG o.a.p.ModelValidator:62 - Validating with FragmentByIdHandler: [myFragment, myFragment]
18:42:32.141 [Worker-50] DEBUG o.a.p.ModelValidator:62 - Validating with ClickHandler: [void back_btn() , void test1() , void test3() , void test4() , void test2() ]
18:42:32.141 [Worker-50] DEBUG o.a.p.ModelValidator:62 - Validating with ItemClickHandler: [void personListItemClicked(com.example.annotationdemo.bean.Person) , void personListItemClicked(com.example.annotationdemo.bean.Person) , void personListItemClicked(com.example.annotationdemo.bean.Person) ]
18:42:32.141 [Worker-50] DEBUG o.a.p.ModelValidator:62 - Validating with ItemLongClickHandler: [void personListItemLongClicked(int) , void personListItemLongClicked(int) ]
18:42:32.142 [Worker-50] DEBUG o.a.p.ModelValidator:62 - Validating with ResHandler: [titles, others, testTitles, others]
18:42:32.142 [Worker-50] DEBUG o.a.p.ModelValidator:62 - Validating with FragmentArgHandler: [anotherStringArgument, myMessage]
18:42:32.142 [Worker-50] DEBUG o.a.p.ModelValidator:62 - Validating with BeanHandler: [adapter, finder, finder, adapter, adapter, finder]
18:42:32.143 [Worker-50] DEBUG o.a.p.ModelValidator:62 - Validating with ExtraHandler: [unboundExtra, myDate, classCastExceptionExtra, myMessage, classCastExceptionExtra]
18:42:32.143 [Worker-50] DEBUG o.a.p.ModelValidator:62 - Validating with AfterInjectHandler: [void afterInjectMethod() , void initVariable() , void initVariable() , void afterInjectMethod() , void init() , void afterInjectMethod() ]
18:42:32.143 [Worker-50] DEBUG o.a.p.ModelValidator:62 - Validating with AfterViewsHandler: [void initViews() , void AfterViewsMethod() , void bindAdapter() , protected void init() , void bindAdapter() , void AfterViewsMethod() , void bindAdapter() , void initViews() , void initVariable() , void AfterViewsMethod() ]
18:42:32.144 [Worker-50] INFO  o.a.p.ModelProcessor:74 - Processing root elements
18:42:32.144 [Worker-50] DEBUG o.a.p.ModelProcessor:176 - Processing root elements EActivityHandler: [com.example.annotationdemo.ChoiceInterest2, com.example.annotationdemo.WebViewPlayer, com.example.annotationdemo.ActivityWithExtra, com.example.annotationdemo.CopyOfPersonFragment, com.example.annotationdemo.PersonListActivity, com.example.annotationdemo.MainActivity, com.example.annotationdemo.InterestActivity, com.example.annotationdemo.PersonFragment]
18:42:32.148 [Worker-50] DEBUG o.a.p.ModelProcessor:176 - Processing root elements EFragmentHandler: [com.example.annotationdemo.fragment.ThreeFragment, com.example.annotationdemo.fragment.MyFragment]
18:42:32.148 [Worker-50] DEBUG o.a.p.ModelProcessor:176 - Processing root elements EViewGroupHandler: [com.example.annotationdemo.view.PersonItemView]
18:42:32.149 [Worker-50] INFO  o.a.p.ModelProcessor:86 - Processing enclosed elements
18:42:32.149 [Worker-50] DEBUG o.a.p.ModelProcessor:98 - Processing enclosed elements with ViewByIdHandler: [org.androidannotations.model.AnnotationElements$AnnotatedAndRootElements@7b078644, org.androidannotations.model.AnnotationElements$AnnotatedAndRootElements@3273b935, org.androidannotations.model.AnnotationElements$AnnotatedAndRootElements@4b951e13, org.androidannotations.model.AnnotationElements$AnnotatedAndRootElements@246eeb29, org.androidannotations.model.AnnotationElements$AnnotatedAndRootElements@3c4dc285, org.androidannotations.model.AnnotationElements$AnnotatedAndRootElements@3e5ce6d0, org.androidannotations.model.AnnotationElements$AnnotatedAndRootElements@7bd49c59, org.androidannotations.model.AnnotationElements$AnnotatedAndRootElements@1a944a4, org.androidannotations.model.AnnotationElements$AnnotatedAndRootElements@5264e637, org.androidannotations.model.AnnotationElements$AnnotatedAndRootElements@65b0e8a8, org.androidannotations.model.AnnotationElements$AnnotatedAndRootElements@26d7280d, org.androidannotations.model.AnnotationElements$AnnotatedAndRootElements@55b5cc7, org.androidannotations.model.AnnotationElements$AnnotatedAndRootElements@3628d1b4, org.androidannotations.model.AnnotationElements$AnnotatedAndRootElements@1085845a, org.androidannotations.model.AnnotationElements$AnnotatedAndRootElements@553677a9, org.androidannotations.model.AnnotationElements$AnnotatedAndRootElements@1ef88999, org.androidannotations.model.AnnotationElements$AnnotatedAndRootElements@56acda4d, org.androidannotations.model.AnnotationElements$AnnotatedAndRootElements@215425b7, org.androidannotations.model.AnnotationElements$AnnotatedAndRootElements@429b5aef, org.androidannotations.model.AnnotationElements$AnnotatedAndRootElements@67997fae, org.androidannotations.model.AnnotationElements$AnnotatedAndRootElements@12234594, org.androidannotations.model.AnnotationElements$AnnotatedAndRootElements@b4e5573, org.androidannotations.model.AnnotationElements$AnnotatedAndRootElements@1f3af4c7, org.androidannotations.model.AnnotationElements$AnnotatedAndRootElements@26f28d4c, org.androidannotations.model.AnnotationElements$AnnotatedAndRootElements@158608f9, org.androidannotations.model.AnnotationElements$AnnotatedAndRootElements@4c688457]
18:42:32.150 [Worker-50] DEBUG o.a.p.ModelProcessor:98 - Processing enclosed elements with FragmentByIdHandler: [org.androidannotations.model.AnnotationElements$AnnotatedAndRootElements@25a7b5e5, org.androidannotations.model.AnnotationElements$AnnotatedAndRootElements@347f0830]
18:42:32.150 [Worker-50] DEBUG o.a.p.ModelProcessor:98 - Processing enclosed elements with ClickHandler: [org.androidannotations.model.AnnotationElements$AnnotatedAndRootElements@46ce94db, org.androidannotations.model.AnnotationElements$AnnotatedAndRootElements@42bf52e8, org.androidannotations.model.AnnotationElements$AnnotatedAndRootElements@3615f9fe, org.androidannotations.model.AnnotationElements$AnnotatedAndRootElements@666d4801, org.androidannotations.model.AnnotationElements$AnnotatedAndRootElements@a7ecc71]
18:42:32.151 [Worker-50] DEBUG o.a.p.ModelProcessor:98 - Processing enclosed elements with ItemClickHandler: [org.androidannotations.model.AnnotationElements$AnnotatedAndRootElements@3ddb4d5e, org.androidannotations.model.AnnotationElements$AnnotatedAndRootElements@3d81b447, org.androidannotations.model.AnnotationElements$AnnotatedAndRootElements@39fdabd0]
18:42:32.151 [Worker-50] DEBUG o.a.p.ModelProcessor:98 - Processing enclosed elements with ItemLongClickHandler: [org.androidannotations.model.AnnotationElements$AnnotatedAndRootElements@59a6ff55, org.androidannotations.model.AnnotationElements$AnnotatedAndRootElements@63ec585]
18:42:32.152 [Worker-50] DEBUG o.a.p.ModelProcessor:98 - Processing enclosed elements with ResHandler: [org.androidannotations.model.AnnotationElements$AnnotatedAndRootElements@65ba3ada, org.androidannotations.model.AnnotationElements$AnnotatedAndRootElements@37bb5771, org.androidannotations.model.AnnotationElements$AnnotatedAndRootElements@bfb4480, org.androidannotations.model.AnnotationElements$AnnotatedAndRootElements@54932f8f]
18:42:32.152 [Worker-50] DEBUG o.a.p.ModelProcessor:98 - Processing enclosed elements with FragmentArgHandler: [org.androidannotations.model.AnnotationElements$AnnotatedAndRootElements@53a9550d, org.androidannotations.model.AnnotationElements$AnnotatedAndRootElements@3408d774]
18:42:32.152 [Worker-50] DEBUG o.a.p.ModelProcessor:98 - Processing enclosed elements with BeanHandler: [org.androidannotations.model.AnnotationElements$AnnotatedAndRootElements@4a587aa9, org.androidannotations.model.AnnotationElements$AnnotatedAndRootElements@17ed57dc, org.androidannotations.model.AnnotationElements$AnnotatedAndRootElements@3e57a7e2, org.androidannotations.model.AnnotationElements$AnnotatedAndRootElements@4a23dc0b, org.androidannotations.model.AnnotationElements$AnnotatedAndRootElements@35dca094, org.androidannotations.model.AnnotationElements$AnnotatedAndRootElements@6f9b4255]
18:42:32.153 [Worker-50] DEBUG o.a.p.ModelProcessor:98 - Processing enclosed elements with ExtraHandler: [org.androidannotations.model.AnnotationElements$AnnotatedAndRootElements@2a2cc0be, org.androidannotations.model.AnnotationElements$AnnotatedAndRootElements@3d349e76, org.androidannotations.model.AnnotationElements$AnnotatedAndRootElements@39268662, org.androidannotations.model.AnnotationElements$AnnotatedAndRootElements@71dc58a0, org.androidannotations.model.AnnotationElements$AnnotatedAndRootElements@3e217ead]
18:42:32.153 [Worker-50] DEBUG o.a.p.ModelProcessor:98 - Processing enclosed elements with AfterInjectHandler: [org.androidannotations.model.AnnotationElements$AnnotatedAndRootElements@1d818c45, org.androidannotations.model.AnnotationElements$AnnotatedAndRootElements@4f6d1b78, org.androidannotations.model.AnnotationElements$AnnotatedAndRootElements@3aa90780, org.androidannotations.model.AnnotationElements$AnnotatedAndRootElements@4bbd77d4, org.androidannotations.model.AnnotationElements$AnnotatedAndRootElements@42a59c5f, org.androidannotations.model.AnnotationElements$AnnotatedAndRootElements@54852a0f]
18:42:32.154 [Worker-50] DEBUG o.a.p.ModelProcessor:98 - Processing enclosed elements with AfterViewsHandler: [org.androidannotations.model.AnnotationElements$AnnotatedAndRootElements@37b19321, org.androidannotations.model.AnnotationElements$AnnotatedAndRootElements@62b988aa, org.androidannotations.model.AnnotationElements$AnnotatedAndRootElements@54fcc4ba, org.androidannotations.model.AnnotationElements$AnnotatedAndRootElements@79d6a540, org.androidannotations.model.AnnotationElements$AnnotatedAndRootElements@15791c11, org.androidannotations.model.AnnotationElements$AnnotatedAndRootElements@b34f7ec, org.androidannotations.model.AnnotationElements$AnnotatedAndRootElements@492d9655, org.androidannotations.model.AnnotationElements$AnnotatedAndRootElements@36713508, org.androidannotations.model.AnnotationElements$AnnotatedAndRootElements@1842260d, org.androidannotations.model.AnnotationElements$AnnotatedAndRootElements@7ef76c58]
18:42:32.154 [Worker-50] INFO  o.a.AndroidAnnotationProcessor:249 - Number of files generated by AndroidAnnotations: 11
18:42:32.154 [Worker-50] INFO  o.a.g.ApiCodeGenerator:52 - Writting following API classes in project: []
18:42:32.155 [Worker-50] DEBUG o.a.g.SourceCodewriter:55 - Generating class: com.example.annotationdemo.ActivityWithExtra_
18:42:32.160 [Worker-50] DEBUG o.a.g.SourceCodewriter:55 - Generating class: com.example.annotationdemo.ChoiceInterest2_
18:42:32.165 [Worker-50] DEBUG o.a.g.SourceCodewriter:55 - Generating class: com.example.annotationdemo.CopyOfPersonFragment_
18:42:32.171 [Worker-50] DEBUG o.a.g.SourceCodewriter:55 - Generating class: com.example.annotationdemo.InterestActivity_
18:42:32.176 [Worker-50] DEBUG o.a.g.SourceCodewriter:55 - Generating class: com.example.annotationdemo.MainActivity_
18:42:32.181 [Worker-50] DEBUG o.a.g.SourceCodewriter:55 - Generating class: com.example.annotationdemo.PersonFragment_
18:42:32.188 [Worker-50] DEBUG o.a.g.SourceCodewriter:55 - Generating class: com.example.annotationdemo.PersonListActivity_
18:42:32.194 [Worker-50] DEBUG o.a.g.SourceCodewriter:55 - Generating class: com.example.annotationdemo.WebViewPlayer_
18:42:32.200 [Worker-50] DEBUG o.a.g.SourceCodewriter:55 - Generating class: com.example.annotationdemo.fragment.MyFragment_
18:42:32.202 [Worker-50] DEBUG o.a.g.SourceCodewriter:55 - Generating class: com.example.annotationdemo.fragment.ThreeFragment_
18:42:32.203 [Worker-50] DEBUG o.a.g.SourceCodewriter:55 - Generating class: com.example.annotationdemo.view.PersonItemView_
18:42:32.204 [Worker-50] INFO  o.a.p.TimeStats:81 - Time measurements: [Whole Processing = 81 ms], [Generate Sources = 50 ms], [Process Annotations = 10 ms], [Extract Annotations = 7 ms], [Validate Annotations = 7 ms], [Find R Classes = 3 ms], [Extract Manifest = 2 ms], 
18:42:32.205 [Worker-50] INFO  o.a.AndroidAnnotationProcessor:121 - Finish processing
18:42:47.66 [Worker-53] INFO  o.a.AndroidAnnotationProcessor:83 - Initialize AndroidAnnotations 3.3.1 with options {phase=BUILD}
18:43:25.564 [Worker-47] INFO  o.a.AndroidAnnotationProcessor:83 - Initialize AndroidAnnotations 3.3.1 with options {phase=BUILD}
18:43:25.589 [Worker-47] INFO  o.a.AndroidAnnotationProcessor:107 - Start processing for 14 annotations on 28 elements
18:43:25.598 [Worker-47] DEBUG o.a.h.AndroidManifestFinder:137 - AndroidManifest.xml file found in parent folder D:\WorkSoftwareTool\NowEclipse\GitHubProject\AnnotationDemo: D:\WorkSoftwareTool\NowEclipse\GitHubProject\AnnotationDemo\AndroidManifest.xml
18:43:25.599 [Worker-47] INFO  o.a.AndroidAnnotationProcessor:170 - AndroidManifest.xml found: AndroidManifest [applicationPackage=com.example.annotationdemo, componentQualifiedNames=[com.example.annotationdemo.MainActivity_, com.example.annotationdemo.PersonListActivity_, com.example.annotationdemo.ActivityWithExtra_, com.example.annotationdemo.PersonFragment_, com.example.annotationdemo.ChoiceInterest_, com.example.annotationdemo.WebViewPlayer_], permissionQualifiedNames=[android.permission.SEND_SMS, android.permission.READ_PHONE_STATE, android.permission.INTERNET, android.permission.MODIFY_AUDIO_SETTINGS, android.permission.ACCESS_NETWORK_STATE, android.permission.ACCESS_WIFI_STATE, android.permission.CHANGE_WIFI_STATE, android.permission.WRITE_EXTERNAL_STORAGE, android.permission.RIDE_EXTERNAL_STORAGE, android.permission.MOUNT_UNMOUNT_FILESYSTEMS, android.permission.RECORD_AUDIO, android.permission.CAMERA, android.permission.FLASHLIGHT, android.permission.RECEIVE_BOOT_COMPLETED, android.permission.BROADCAST_STICKY, android.permission.WRITE_SETTINGS, android.permission.VIBRATE, android.permission.ACCESS_DOWNLOAD_MANAGER, android.permission.DOWNLOAD_WITHOUT_NOTIFICATION, android.permission.SYSTEM_ALERT_WINDOW, android.permission.DISABLE_KEYGUARD, android.permission.ACCESS_COARSE_LOCATION, android.permission.ACCESS_FINE_LOCATION], applicationClassName=null, libraryProject=false, debugabble=false, minSdkVersion=16, maxSdkVersion=-1, targetSdkVersion=19]
18:43:25.600 [Worker-47] INFO  o.a.r.ProjectRClassFinder:50 - Found project R class: com.example.annotationdemo.R
18:43:25.601 [Worker-47] INFO  o.a.r.AndroidRClassFinder:44 - Found Android class: android.R
18:43:25.603 [Worker-47] INFO  o.a.p.ModelValidator:42 - Validating elements
18:43:25.603 [Worker-47] DEBUG o.a.p.ModelValidator:62 - Validating with EActivityHandler: [com.example.annotationdemo.ChoiceInterest2, com.example.annotationdemo.WebViewPlayer, com.example.annotationdemo.ActivityWithExtra, com.example.annotationdemo.CopyOfPersonFragment, com.example.annotationdemo.PersonListActivity, com.example.annotationdemo.MainActivity, com.example.annotationdemo.InterestActivity, com.example.annotationdemo.PersonFragment]
18:43:25.604 [Worker-47] WARN  o.a.h.AnnotationHelper:128 - The component ChoiceInterest2_ is not registered in the AndroidManifest.xml file.
18:43:25.604 [Worker-47] WARN  o.a.h.AnnotationHelper:128 - The component CopyOfPersonFragment_ is not registered in the AndroidManifest.xml file.
18:43:25.604 [Worker-47] WARN  o.a.h.AnnotationHelper:128 - The component InterestActivity_ is not registered in the AndroidManifest.xml file.
18:43:25.604 [Worker-47] DEBUG o.a.p.ModelValidator:62 - Validating with EFragmentHandler: [com.example.annotationdemo.fragment.ThreeFragment, com.example.annotationdemo.fragment.MyFragment]
18:43:25.605 [Worker-47] DEBUG o.a.p.ModelValidator:62 - Validating with EViewGroupHandler: [com.example.annotationdemo.view.PersonItemView]
18:43:25.605 [Worker-47] DEBUG o.a.p.ModelValidator:62 - Validating with ViewByIdHandler: [back_btn, personList, test2, gridview, cancel_tv, personList, bottom_layout, personList, test1, gridview, test4, lastNameView, cancel_tv, extraTextView, title_tv, dialogbody, buttomLayoutTabItem, switch_btn, sure_tv, progress_bar, sure_tv, webView, test3, video, title_tv, firstNameView]
18:43:25.606 [Worker-47] DEBUG o.a.p.ModelValidator:62 - Validating with FragmentByIdHandler: [myFragment, myFragment]
18:43:25.607 [Worker-47] DEBUG o.a.p.ModelValidator:62 - Validating with ClickHandler: [void back_btn() , void test1() , void test4() , void test3() , void test2() ]
18:43:25.607 [Worker-47] DEBUG o.a.p.ModelValidator:62 - Validating with ItemClickHandler: [void personListItemClicked(com.example.annotationdemo.bean.Person) , void personListItemClicked(com.example.annotationdemo.bean.Person) , void personListItemClicked(com.example.annotationdemo.bean.Person) ]
18:43:25.608 [Worker-47] DEBUG o.a.p.ModelValidator:62 - Validating with ItemLongClickHandler: [void personListItemLongClicked(int) , void personListItemLongClicked(int) ]
18:43:25.608 [Worker-47] DEBUG o.a.p.ModelValidator:62 - Validating with ResHandler: [others, testTitles, others, titles]
18:43:25.608 [Worker-47] DEBUG o.a.p.ModelValidator:62 - Validating with FragmentArgHandler: [myMessage, anotherStringArgument]
18:43:25.608 [Worker-47] DEBUG o.a.p.ModelValidator:62 - Validating with BeanHandler: [adapter, finder, finder, adapter, adapter, finder]
18:43:25.609 [Worker-47] DEBUG o.a.p.ModelValidator:62 - Validating with ExtraHandler: [classCastExceptionExtra, myMessage, myDate, unboundExtra, classCastExceptionExtra]
18:43:25.610 [Worker-47] DEBUG o.a.p.ModelValidator:62 - Validating with AfterInjectHandler: [void afterInjectMethod() , void afterInjectMethod() , void initVariable() , void initVariable() , void init() , void afterInjectMethod() ]
18:43:25.610 [Worker-47] DEBUG o.a.p.ModelValidator:62 - Validating with AfterViewsHandler: [void AfterViewsMethod() , void initVariable() , void initViews() , protected void init() , void AfterViewsMethod() , void bindAdapter() , void bindAdapter() , void AfterViewsMethod() , void initViews() , void bindAdapter() ]
18:43:25.610 [Worker-47] INFO  o.a.p.ModelProcessor:74 - Processing root elements
18:43:25.610 [Worker-47] DEBUG o.a.p.ModelProcessor:176 - Processing root elements EActivityHandler: [com.example.annotationdemo.ChoiceInterest2, com.example.annotationdemo.WebViewPlayer, com.example.annotationdemo.ActivityWithExtra, com.example.annotationdemo.CopyOfPersonFragment, com.example.annotationdemo.PersonListActivity, com.example.annotationdemo.MainActivity, com.example.annotationdemo.InterestActivity, com.example.annotationdemo.PersonFragment]
18:43:25.616 [Worker-47] DEBUG o.a.p.ModelProcessor:176 - Processing root elements EFragmentHandler: [com.example.annotationdemo.fragment.ThreeFragment, com.example.annotationdemo.fragment.MyFragment]
18:43:25.618 [Worker-47] DEBUG o.a.p.ModelProcessor:176 - Processing root elements EViewGroupHandler: [com.example.annotationdemo.view.PersonItemView]
18:43:25.619 [Worker-47] INFO  o.a.p.ModelProcessor:86 - Processing enclosed elements
18:43:25.619 [Worker-47] DEBUG o.a.p.ModelProcessor:98 - Processing enclosed elements with ViewByIdHandler: [org.androidannotations.model.AnnotationElements$AnnotatedAndRootElements@72661ae3, org.androidannotations.model.AnnotationElements$AnnotatedAndRootElements@6bbacebc, org.androidannotations.model.AnnotationElements$AnnotatedAndRootElements@115841c, org.androidannotations.model.AnnotationElements$AnnotatedAndRootElements@20140f5d, org.androidannotations.model.AnnotationElements$AnnotatedAndRootElements@ae2cba8, org.androidannotations.model.AnnotationElements$AnnotatedAndRootElements@12fec1b4, org.androidannotations.model.AnnotationElements$AnnotatedAndRootElements@57bb4eb7, org.androidannotations.model.AnnotationElements$AnnotatedAndRootElements@5b03638f, org.androidannotations.model.AnnotationElements$AnnotatedAndRootElements@147d291, org.androidannotations.model.AnnotationElements$AnnotatedAndRootElements@5618a281, org.androidannotations.model.AnnotationElements$AnnotatedAndRootElements@187ddd61, org.androidannotations.model.AnnotationElements$AnnotatedAndRootElements@6fe2febe, org.androidannotations.model.AnnotationElements$AnnotatedAndRootElements@26557ef5, org.androidannotations.model.AnnotationElements$AnnotatedAndRootElements@112aa6c9, org.androidannotations.model.AnnotationElements$AnnotatedAndRootElements@52ecce4a, org.androidannotations.model.AnnotationElements$AnnotatedAndRootElements@7ae2960b, org.androidannotations.model.AnnotationElements$AnnotatedAndRootElements@5aed2c04, org.androidannotations.model.AnnotationElements$AnnotatedAndRootElements@1a14f87d, org.androidannotations.model.AnnotationElements$AnnotatedAndRootElements@4e3a38d3, org.androidannotations.model.AnnotationElements$AnnotatedAndRootElements@73b02c5a, org.androidannotations.model.AnnotationElements$AnnotatedAndRootElements@2c8d7a21, org.androidannotations.model.AnnotationElements$AnnotatedAndRootElements@4929c844, org.androidannotations.model.AnnotationElements$AnnotatedAndRootElements@50c0726f, org.androidannotations.model.AnnotationElements$AnnotatedAndRootElements@2334c4c5, org.androidannotations.model.AnnotationElements$AnnotatedAndRootElements@5e04ae3a, org.androidannotations.model.AnnotationElements$AnnotatedAndRootElements@338bbd74]
18:43:25.620 [Worker-47] DEBUG o.a.p.ModelProcessor:98 - Processing enclosed elements with FragmentByIdHandler: [org.androidannotations.model.AnnotationElements$AnnotatedAndRootElements@65124ce0, org.androidannotations.model.AnnotationElements$AnnotatedAndRootElements@3b323e8d]
18:43:25.621 [Worker-47] DEBUG o.a.p.ModelProcessor:98 - Processing enclosed elements with ClickHandler: [org.androidannotations.model.AnnotationElements$AnnotatedAndRootElements@7d5adbea, org.androidannotations.model.AnnotationElements$AnnotatedAndRootElements@41f64ed4, org.androidannotations.model.AnnotationElements$AnnotatedAndRootElements@6649bdf0, org.androidannotations.model.AnnotationElements$AnnotatedAndRootElements@29c4576e, org.androidannotations.model.AnnotationElements$AnnotatedAndRootElements@4649acd6]
18:43:25.621 [Worker-47] DEBUG o.a.p.ModelProcessor:98 - Processing enclosed elements with ItemClickHandler: [org.androidannotations.model.AnnotationElements$AnnotatedAndRootElements@1bbb2869, org.androidannotations.model.AnnotationElements$AnnotatedAndRootElements@54f63dee, org.androidannotations.model.AnnotationElements$AnnotatedAndRootElements@3a210e39]
18:43:25.622 [Worker-47] DEBUG o.a.p.ModelProcessor:98 - Processing enclosed elements with ItemLongClickHandler: [org.androidannotations.model.AnnotationElements$AnnotatedAndRootElements@7e8fda4e, org.androidannotations.model.AnnotationElements$AnnotatedAndRootElements@36112878]
18:43:25.622 [Worker-47] DEBUG o.a.p.ModelProcessor:98 - Processing enclosed elements with ResHandler: [org.androidannotations.model.AnnotationElements$AnnotatedAndRootElements@6581ae92, org.androidannotations.model.AnnotationElements$AnnotatedAndRootElements@523b2932, org.androidannotations.model.AnnotationElements$AnnotatedAndRootElements@3999c5c3, org.androidannotations.model.AnnotationElements$AnnotatedAndRootElements@1ec9d72]
18:43:25.623 [Worker-47] DEBUG o.a.p.ModelProcessor:98 - Processing enclosed elements with FragmentArgHandler: [org.androidannotations.model.AnnotationElements$AnnotatedAndRootElements@69623ff7, org.androidannotations.model.AnnotationElements$AnnotatedAndRootElements@76aa7700]
18:43:25.623 [Worker-47] DEBUG o.a.p.ModelProcessor:98 - Processing enclosed elements with BeanHandler: [org.androidannotations.model.AnnotationElements$AnnotatedAndRootElements@3abfd1ad, org.androidannotations.model.AnnotationElements$AnnotatedAndRootElements@6e1116b4, org.androidannotations.model.AnnotationElements$AnnotatedAndRootElements@6c0ff45, org.androidannotations.model.AnnotationElements$AnnotatedAndRootElements@16944f3d, org.androidannotations.model.AnnotationElements$AnnotatedAndRootElements@58ef7ff6, org.androidannotations.model.AnnotationElements$AnnotatedAndRootElements@68d6f93d]
18:43:25.624 [Worker-47] DEBUG o.a.p.ModelProcessor:98 - Processing enclosed elements with ExtraHandler: [org.androidannotations.model.AnnotationElements$AnnotatedAndRootElements@71c947ad, org.androidannotations.model.AnnotationElements$AnnotatedAndRootElements@2f651de3, org.androidannotations.model.AnnotationElements$AnnotatedAndRootElements@6dabd377, org.androidannotations.model.AnnotationElements$AnnotatedAndRootElements@167f8820, org.androidannotations.model.AnnotationElements$AnnotatedAndRootElements@7ff7520]
18:43:25.624 [Worker-47] DEBUG o.a.p.ModelProcessor:98 - Processing enclosed elements with AfterInjectHandler: [org.androidannotations.model.AnnotationElements$AnnotatedAndRootElements@30a55913, org.androidannotations.model.AnnotationElements$AnnotatedAndRootElements@5b81e976, org.androidannotations.model.AnnotationElements$AnnotatedAndRootElements@10610099, org.androidannotations.model.AnnotationElements$AnnotatedAndRootElements@4a689451, org.androidannotations.model.AnnotationElements$AnnotatedAndRootElements@57d4aaad, org.androidannotations.model.AnnotationElements$AnnotatedAndRootElements@60399ba7]
18:43:25.625 [Worker-47] DEBUG o.a.p.ModelProcessor:98 - Processing enclosed elements with AfterViewsHandler: [org.androidannotations.model.AnnotationElements$AnnotatedAndRootElements@1fc5e205, org.androidannotations.model.AnnotationElements$AnnotatedAndRootElements@1158fc39, org.androidannotations.model.AnnotationElements$AnnotatedAndRootElements@3591c722, org.androidannotations.model.AnnotationElements$AnnotatedAndRootElements@46498e6d, org.androidannotations.model.AnnotationElements$AnnotatedAndRootElements@62c12267, org.androidannotations.model.AnnotationElements$AnnotatedAndRootElements@63d42da3, org.androidannotations.model.AnnotationElements$AnnotatedAndRootElements@47982413, org.androidannotations.model.AnnotationElements$AnnotatedAndRootElements@30cbd6b0, org.androidannotations.model.AnnotationElements$AnnotatedAndRootElements@2bfe9302, org.androidannotations.model.AnnotationElements$AnnotatedAndRootElements@c0b8d34]
18:43:25.625 [Worker-47] INFO  o.a.AndroidAnnotationProcessor:249 - Number of files generated by AndroidAnnotations: 11
18:43:25.625 [Worker-47] INFO  o.a.g.ApiCodeGenerator:52 - Writting following API classes in project: []
18:43:25.626 [Worker-47] DEBUG o.a.g.SourceCodewriter:55 - Generating class: com.example.annotationdemo.ActivityWithExtra_
18:43:25.630 [Worker-47] DEBUG o.a.g.SourceCodewriter:55 - Generating class: com.example.annotationdemo.ChoiceInterest2_
18:43:25.635 [Worker-47] DEBUG o.a.g.SourceCodewriter:55 - Generating class: com.example.annotationdemo.CopyOfPersonFragment_
18:43:25.646 [Worker-47] DEBUG o.a.g.SourceCodewriter:55 - Generating class: com.example.annotationdemo.InterestActivity_
18:43:25.650 [Worker-47] DEBUG o.a.g.SourceCodewriter:55 - Generating class: com.example.annotationdemo.MainActivity_
18:43:25.655 [Worker-47] DEBUG o.a.g.SourceCodewriter:55 - Generating class: com.example.annotationdemo.PersonFragment_
18:43:25.659 [Worker-47] DEBUG o.a.g.SourceCodewriter:55 - Generating class: com.example.annotationdemo.PersonListActivity_
18:43:25.660 [Worker-47] DEBUG o.a.g.SourceCodewriter:55 - Generating class: com.example.annotationdemo.WebViewPlayer_
18:43:25.664 [Worker-47] DEBUG o.a.g.SourceCodewriter:55 - Generating class: com.example.annotationdemo.fragment.MyFragment_
18:43:25.665 [Worker-47] DEBUG o.a.g.SourceCodewriter:55 - Generating class: com.example.annotationdemo.fragment.ThreeFragment_
18:43:25.668 [Worker-47] DEBUG o.a.g.SourceCodewriter:55 - Generating class: com.example.annotationdemo.view.PersonItemView_
18:43:25.672 [Worker-47] INFO  o.a.p.TimeStats:81 - Time measurements: [Whole Processing = 83 ms], [Generate Sources = 47 ms], [Process Annotations = 15 ms], [Extract Annotations = 9 ms], [Validate Annotations = 7 ms], [Find R Classes = 3 ms], [Extract Manifest = 1 ms], 
18:43:25.672 [Worker-47] INFO  o.a.AndroidAnnotationProcessor:121 - Finish processing
18:43:38.724 [Worker-51] INFO  o.a.AndroidAnnotationProcessor:83 - Initialize AndroidAnnotations 3.3.1 with options {phase=BUILD}
18:43:48.5 [Worker-42] INFO  o.a.AndroidAnnotationProcessor:83 - Initialize AndroidAnnotations 3.3.1 with options {phase=BUILD}
18:43:53.902 [Worker-52] INFO  o.a.AndroidAnnotationProcessor:83 - Initialize AndroidAnnotations 3.3.1 with options {phase=BUILD}
18:44:00.907 [Worker-48] INFO  o.a.AndroidAnnotationProcessor:83 - Initialize AndroidAnnotations 3.3.1 with options {phase=BUILD}
18:44:00.908 [Worker-48] INFO  o.a.AndroidAnnotationProcessor:107 - Start processing for 6 annotations on 2 elements
18:44:00.913 [Worker-48] DEBUG o.a.h.AndroidManifestFinder:137 - AndroidManifest.xml file found in parent folder D:\WorkSoftwareTool\NowEclipse\GitHubProject\AnnotationDemo: D:\WorkSoftwareTool\NowEclipse\GitHubProject\AnnotationDemo\AndroidManifest.xml
18:44:00.915 [Worker-48] INFO  o.a.AndroidAnnotationProcessor:170 - AndroidManifest.xml found: AndroidManifest [applicationPackage=com.example.annotationdemo, componentQualifiedNames=[com.example.annotationdemo.MainActivity_, com.example.annotationdemo.PersonListActivity_, com.example.annotationdemo.ActivityWithExtra_, com.example.annotationdemo.PersonFragment_, com.example.annotationdemo.ChoiceInterest_, com.example.annotationdemo.WebViewPlayer_], permissionQualifiedNames=[android.permission.SEND_SMS, android.permission.READ_PHONE_STATE, android.permission.INTERNET, android.permission.MODIFY_AUDIO_SETTINGS, android.permission.ACCESS_NETWORK_STATE, android.permission.ACCESS_WIFI_STATE, android.permission.CHANGE_WIFI_STATE, android.permission.WRITE_EXTERNAL_STORAGE, android.permission.RIDE_EXTERNAL_STORAGE, android.permission.MOUNT_UNMOUNT_FILESYSTEMS, android.permission.RECORD_AUDIO, android.permission.CAMERA, android.permission.FLASHLIGHT, android.permission.RECEIVE_BOOT_COMPLETED, android.permission.BROADCAST_STICKY, android.permission.WRITE_SETTINGS, android.permission.VIBRATE, android.permission.ACCESS_DOWNLOAD_MANAGER, android.permission.DOWNLOAD_WITHOUT_NOTIFICATION, android.permission.SYSTEM_ALERT_WINDOW, android.permission.DISABLE_KEYGUARD, android.permission.ACCESS_COARSE_LOCATION, android.permission.ACCESS_FINE_LOCATION], applicationClassName=null, libraryProject=false, debugabble=false, minSdkVersion=16, maxSdkVersion=-1, targetSdkVersion=19]
18:44:00.915 [Worker-48] INFO  o.a.r.ProjectRClassFinder:50 - Found project R class: com.example.annotationdemo.R
18:44:00.916 [Worker-48] INFO  o.a.r.AndroidRClassFinder:44 - Found Android class: android.R
18:44:00.918 [Worker-48] INFO  o.a.p.ModelValidator:42 - Validating elements
18:44:00.919 [Worker-48] DEBUG o.a.p.ModelValidator:62 - Validating with EActivityHandler: [com.example.annotationdemo.ChoiceInterest]
18:44:00.919 [Worker-48] DEBUG o.a.p.ModelValidator:62 - Validating with ViewByIdHandler: [title_tv, flowlayout, sure_tv, cancel_tv]
18:44:00.920 [Worker-48] DEBUG o.a.p.ModelValidator:62 - Validating with ClickHandler: [void cancel_tv() , void sure_tv() ]
18:44:00.920 [Worker-48] DEBUG o.a.p.ModelValidator:62 - Validating with ResHandler: [testTitles]
18:44:00.920 [Worker-48] DEBUG o.a.p.ModelValidator:62 - Validating with AfterInjectHandler: [void initVariable() ]
18:44:00.920 [Worker-48] DEBUG o.a.p.ModelValidator:62 - Validating with AfterViewsHandler: [void initViews() ]
18:44:00.921 [Worker-48] INFO  o.a.p.ModelProcessor:74 - Processing root elements
18:44:00.921 [Worker-48] DEBUG o.a.p.ModelProcessor:176 - Processing root elements EActivityHandler: [com.example.annotationdemo.ChoiceInterest]
18:44:00.923 [Worker-48] INFO  o.a.p.ModelProcessor:86 - Processing enclosed elements
18:44:00.924 [Worker-48] INFO  o.a.AndroidAnnotationProcessor:249 - Number of files generated by AndroidAnnotations: 1
18:44:00.924 [Worker-48] INFO  o.a.g.ApiCodeGenerator:52 - Writting following API classes in project: []
18:44:00.924 [Worker-48] DEBUG o.a.g.SourceCodewriter:55 - Generating class: com.example.annotationdemo.ChoiceInterest_
18:44:00.926 [Worker-48] INFO  o.a.p.TimeStats:81 - Time measurements: [Whole Processing = 18 ms], [Extract Annotations = 5 ms], [Find R Classes = 3 ms], [Validate Annotations = 3 ms], [Process Annotations = 3 ms], [Extract Manifest = 2 ms], [Generate Sources = 2 ms], 
18:44:00.926 [Worker-48] INFO  o.a.AndroidAnnotationProcessor:121 - Finish processing
